Flux install root: /mnt/flux/view
/flux_operator/wait-0.sh: line 45: /usr/bin/goshare-wait-fs: cannot execute binary file: Exec format error
Python version: /mnt/flux/view/bin/python3.11
Python root: /mnt/flux/view/lib/python3.11
PYTHONPATH is :/mnt/flux/view/lib/python3.11/site-packages
PATH is /usr/local/sbin:/usr/local/bin:/usr/sbin:/usr/bin:/sbin:/bin:/mnt/flux/view/bin
/mnt/flux/view/lib/libpython3.11.so
/mnt/flux/view/lib/libpython3.11.so.1.0
/mnt/flux/view/lib/libpython3.so
lrwxrwxrwx 1 root root 122 Feb  7 07:46 /mnt/flux/view/lib/libpython3.11.so.1.0 -> /opt/software/linux-ubuntu22.04-aarch64/gcc-11.4.0/python-3.11.6-sq6qembwppvo57y5l6x336hwygnzosgp/lib/libpython3.11.so.1.0
Hello user root
🌟️ Curve Certificate
curve.cert
#   ****  Generated on 2023-04-26 22:54:42 by CZMQ  ****
#   ZeroMQ CURVE **Secret** Certificate
#   DO NOT PROVIDE THIS FILE TO OTHER USERS nor change its permissions.
    
metadata
    name = "flux-cert-generator"
    keygen.hostname = "lammps-20-size-2-0"
curve
    public-key = "qtC5vC[&4uKDT:<GqyHUpwHqh^vj.EyeqA@:%laL"
    secret-key = "2T4=p+s<Ro&m{mR^JS?DFQ^a9h0kNjd)uN2^B5NE"
👋 Hello, I'm lammps-20-size-2-0
The main host is lammps-20-size-2-0
The working directory is /opt/lammps/examples/reaxff/HNS, contents include:
README.txt	ffield.reax.hns  log.8Mar18.reaxc.hns.g++.1
data.hns-equil	in.reaxc.hns	 log.8Mar18.reaxc.hns.g++.4
🚩️ Flux Option Flags defined
Command provided is: lmp -v x 2 -v y 2 -v z 2 -in in.reaxc.hns -nocite
Flags for flux are -N 2 -n4  
🌀 Submit Mode: flux start -o --config /mnt/flux/view/etc/flux/config -Scron.directory=/etc/flux/system/cron.d   -Stbon.fanout=256   -Srundir=/mnt/flux/view/run/flux    -Sstatedir=/mnt/flux/view/var/lib/flux   -Slocal-uri=local:///mnt/flux/view/run/flux/local -Stbon.connect_timeout=5s    -Slog-stderr-level=6    -Slog-stderr-mode=local  flux submit  -N 2 -n4   --quiet --watch lmp -v x 2 -v y 2 -v z 2 -in in.reaxc.hns -nocite
Flags for flux are -N 2 -n4  
flux: /lib/aarch64-linux-gnu/libc.so.6: version `GLIBC_2.34' not found (required by flux)
flux: /lib/aarch64-linux-gnu/libc.so.6: version `GLIBC_2.33' not found (required by flux)
flux: /lib/aarch64-linux-gnu/libc.so.6: version `GLIBC_2.33' not found (required by /opt/software/linux-ubuntu22.04-aarch64/gcc-11.4.0/flux-core-0.55.0-ahe6z5tuwe5i4gy2iq5yszkjiwrxuvzz/lib/libflux-core.so.2)
flux: /lib/aarch64-linux-gnu/libc.so.6: version `GLIBC_2.34' not found (required by /opt/software/linux-ubuntu22.04-aarch64/gcc-11.4.0/flux-core-0.55.0-ahe6z5tuwe5i4gy2iq5yszkjiwrxuvzz/lib/libflux-core.so.2)
flux: /lib/aarch64-linux-gnu/libc.so.6: version `GLIBC_2.34' not found (required by /opt/software/linux-ubuntu22.04-aarch64/gcc-11.4.0/flux-core-0.55.0-ahe6z5tuwe5i4gy2iq5yszkjiwrxuvzz/lib/libflux-optparse.so.1)
flux: /lib/aarch64-linux-gnu/libc.so.6: version `GLIBC_2.33' not found (required by /opt/software/linux-ubuntu22.04-aarch64/gcc-11.4.0/libarchive-3.7.1-5dk3qlb74fg5jecojh5kjgrf4gnwbabj/lib/libarchive.so.13)
flux: /lib/aarch64-linux-gnu/libc.so.6: version `GLIBC_2.33' not found (required by /opt/software/linux-ubuntu22.04-aarch64/gcc-11.4.0/openssl-3.1.3-j3jum7ly33brm46jtlyp7rvg24yk6fbx/lib/libcrypto.so.3)
flux: /lib/aarch64-linux-gnu/libc.so.6: version `GLIBC_2.34' not found (required by /opt/software/linux-ubuntu22.04-aarch64/gcc-11.4.0/openssl-3.1.3-j3jum7ly33brm46jtlyp7rvg24yk6fbx/lib/libcrypto.so.3)
flux: /lib/aarch64-linux-gnu/libc.so.6: version `GLIBC_2.33' not found (required by /opt/software/linux-ubuntu22.04-aarch64/gcc-11.4.0/libxml2-2.10.3-mtc6gkrgdecxqbcxhhlcidmifd3vsdcq/lib/libxml2.so.2)
flux: /lib/aarch64-linux-gnu/libc.so.6: version `GLIBC_2.34' not found (required by /opt/software/linux-ubuntu22.04-aarch64/gcc-11.4.0/libxml2-2.10.3-mtc6gkrgdecxqbcxhhlcidmifd3vsdcq/lib/libxml2.so.2)
flux: /lib/aarch64-linux-gnu/libc.so.6: version `GLIBC_2.32' not found (required by /opt/software/linux-ubuntu22.04-aarch64/gcc-11.4.0/xz-5.4.1-b7kgibbuex4s4mhiliozrxgm367bozlj/lib/liblzma.so.5)
flux: /lib/aarch64-linux-gnu/libc.so.6: version `GLIBC_2.34' not found (required by /opt/software/linux-ubuntu22.04-aarch64/gcc-11.4.0/xz-5.4.1-b7kgibbuex4s4mhiliozrxgm367bozlj/lib/liblzma.so.5)
flux: /lib/aarch64-linux-gnu/libc.so.6: version `GLIBC_2.34' not found (required by /opt/software/linux-ubuntu22.04-aarch64/gcc-11.4.0/zstd-1.5.5-jdurbawf6qpvahmzxsmruj7kyshcwaxs/lib/libzstd.so.1)