Flux install root: /mnt/flux/view
/flux_operator/wait-0.sh: line 45: /usr/bin/goshare-wait-fs: cannot execute binary file: Exec format error
Python version: /mnt/flux/view/bin/python3.11
Python root: /mnt/flux/view/lib/python3.11
PYTHONPATH is :/mnt/flux/view/lib/python3.11/site-packages
PATH is /usr/local/bin:/usr/local/nvidia/bin:/usr/local/cuda/bin:/usr/local/sbin:/usr/local/bin:/usr/sbin:/usr/bin:/sbin:/bin:/usr/lib64/openmpi/bin:/mnt/flux/view/bin
/mnt/flux/view/lib/libpython3.11.so
/mnt/flux/view/lib/libpython3.11.so.1.0
/mnt/flux/view/lib/libpython3.so
./software/linux-rocky9-aarch64/gcc-11.3.1/python-3.11.6-m7jlon5ghbbvc5krswwmarg355xb3yby/lib/libpython3.11.so
./software/linux-rocky9-aarch64/gcc-11.3.1/python-3.11.6-m7jlon5ghbbvc5krswwmarg355xb3yby/lib/libpython3.11.so.1.0
./software/linux-rocky9-aarch64/gcc-11.3.1/python-3.11.6-m7jlon5ghbbvc5krswwmarg355xb3yby/lib/libpython3.so
lrwxrwxrwx 1 root root 117 Feb  7 08:09 /mnt/flux/view/lib/libpython3.11.so.1.0 -> /opt/software/linux-rocky9-aarch64/gcc-11.3.1/python-3.11.6-m7jlon5ghbbvc5krswwmarg355xb3yby/lib/libpython3.11.so.1.0
Hello user root
🌟️ Curve Certificate
curve.cert
#   ****  Generated on 2023-04-26 22:54:42 by CZMQ  ****
#   ZeroMQ CURVE **Secret** Certificate
#   DO NOT PROVIDE THIS FILE TO OTHER USERS nor change its permissions.
    
metadata
    name = "flux-cert-generator"
    keygen.hostname = "lammps-2-size-2-0"
curve
    public-key = "JO7BY:EKzBqEV(GFgux0ByL!42(8Y8U}Qi9-SvO%"
    secret-key = "c3X]z@AD+Xm0zXF<V.+6(z8/5bzAzU>jlWdd0.*s"
👋 Hello, I'm lammps-2-size-2-0
The main host is lammps-2-size-2-0
The working directory is /opt, contents include:
lammps	nvidia	software
🚩️ Flux Option Flags defined
Command provided is: lmp_gpu -v x 2 -v y 2 -v z 2 -in in.reaxc.hns -nocite
Flags for flux are -N 2 -n4  
🌀 Submit Mode: flux start -o --config /mnt/flux/view/etc/flux/config -Scron.directory=/etc/flux/system/cron.d   -Stbon.fanout=256   -Srundir=/mnt/flux/view/run/flux    -Sstatedir=/mnt/flux/view/var/lib/flux   -Slocal-uri=local:///mnt/flux/view/run/flux/local -Stbon.connect_timeout=5s    -Slog-stderr-level=6    -Slog-stderr-mode=local  flux submit  -N 2 -n4   --quiet --watch lmp_gpu -v x 2 -v y 2 -v z 2 -in in.reaxc.hns -nocite
Flags for flux are -N 2 -n4  
flux: /lib64/libc.so.6: version `GLIBC_2.34' not found (required by flux)
flux: /lib64/libc.so.6: version `GLIBC_2.33' not found (required by flux)
flux: /lib64/libc.so.6: version `GLIBC_2.33' not found (required by /opt/software/linux-rocky9-aarch64/gcc-11.3.1/flux-core-0.55.0-kvv3ljopccd4iuk22l5xpn3ivri567sh/lib/libflux-core.so.2)
flux: /lib64/libc.so.6: version `GLIBC_2.34' not found (required by /opt/software/linux-rocky9-aarch64/gcc-11.3.1/flux-core-0.55.0-kvv3ljopccd4iuk22l5xpn3ivri567sh/lib/libflux-core.so.2)
flux: /lib64/libc.so.6: version `GLIBC_2.34' not found (required by /opt/software/linux-rocky9-aarch64/gcc-11.3.1/flux-core-0.55.0-kvv3ljopccd4iuk22l5xpn3ivri567sh/lib/libflux-optparse.so.1)
flux: /lib64/libc.so.6: version `GLIBC_2.32' not found (required by /opt/software/linux-rocky9-aarch64/gcc-11.3.1/hwloc-2.9.1-3wjddzr4owa2rrtboephwq7ou2czdkxy/lib/libhwloc.so.15)
flux: /lib64/libc.so.6: version `GLIBC_2.33' not found (required by /opt/software/linux-rocky9-aarch64/gcc-11.3.1/hwloc-2.9.1-3wjddzr4owa2rrtboephwq7ou2czdkxy/lib/libhwloc.so.15)
flux: /lib64/libc.so.6: version `GLIBC_2.34' not found (required by /opt/software/linux-rocky9-aarch64/gcc-11.3.1/hwloc-2.9.1-3wjddzr4owa2rrtboephwq7ou2czdkxy/lib/libhwloc.so.15)
flux: /lib64/libc.so.6: version `GLIBC_2.33' not found (required by /opt/software/linux-rocky9-aarch64/gcc-11.3.1/libarchive-3.7.1-rh5zgelks2mnsra7xpe5iwknqvlyphnx/lib/libarchive.so.13)
flux: /lib64/libc.so.6: version `GLIBC_2.33' not found (required by /opt/software/linux-rocky9-aarch64/gcc-11.3.1/libpciaccess-0.17-xt7h6marwxs6ic7ivn5wsisnng2vunit/lib/libpciaccess.so.0)
flux: /lib64/libm.so.6: version `GLIBC_2.29' not found (required by /opt/software/linux-rocky9-aarch64/gcc-11.3.1/libxml2-2.10.3-k3cbbynm5qmrcg6327uiz7giwaeesuki/lib/libxml2.so.2)
flux: /lib64/libc.so.6: version `GLIBC_2.33' not found (required by /opt/software/linux-rocky9-aarch64/gcc-11.3.1/libxml2-2.10.3-k3cbbynm5qmrcg6327uiz7giwaeesuki/lib/libxml2.so.2)
flux: /lib64/libc.so.6: version `GLIBC_2.34' not found (required by /opt/software/linux-rocky9-aarch64/gcc-11.3.1/libxml2-2.10.3-k3cbbynm5qmrcg6327uiz7giwaeesuki/lib/libxml2.so.2)
flux: /lib64/libc.so.6: version `GLIBC_2.33' not found (required by /opt/software/linux-rocky9-aarch64/gcc-11.3.1/openssl-3.1.3-53i2gmdotwbxhcf6deztcrralyg7ihbw/lib/libcrypto.so.3)
flux: /lib64/libc.so.6: version `GLIBC_2.34' not found (required by /opt/software/linux-rocky9-aarch64/gcc-11.3.1/openssl-3.1.3-53i2gmdotwbxhcf6deztcrralyg7ihbw/lib/libcrypto.so.3)
flux: /lib64/libc.so.6: version `GLIBC_2.32' not found (required by /opt/software/linux-rocky9-aarch64/gcc-11.3.1/xz-5.4.1-mjmfg55w6j7dgnqluy5q7uxuqzj5hzfn/lib/liblzma.so.5)
flux: /lib64/libc.so.6: version `GLIBC_2.34' not found (required by /opt/software/linux-rocky9-aarch64/gcc-11.3.1/xz-5.4.1-mjmfg55w6j7dgnqluy5q7uxuqzj5hzfn/lib/liblzma.so.5)
flux: /lib64/libc.so.6: version `GLIBC_2.34' not found (required by /opt/software/linux-rocky9-aarch64/gcc-11.3.1/zstd-1.5.5-wpef4dk2xei7xggqf4invn2yrnbqkn5d/lib/libzstd.so.1)