/flux_operator/wait-0.sh: line 23: curl: command not found
Flux install root: /mnt/flux/view
/flux_operator/wait-0.sh: line 45: /usr/bin/goshare-wait-fs: cannot execute binary file: Exec format error
Python version: /mnt/flux/view/bin/python3.11
Python root: /mnt/flux/view/lib/python3.11
PYTHONPATH is :/mnt/flux/view/lib/python3.11/site-packages
PATH is /usr/local/bin:/usr/local/nvidia/bin:/usr/local/cuda/bin:/usr/local/sbin:/usr/local/bin:/usr/sbin:/usr/bin:/sbin:/bin:/mnt/flux/view/bin
/mnt/flux/view/lib/libpython3.11.so
/mnt/flux/view/lib/libpython3.11.so.1.0
/mnt/flux/view/lib/libpython3.so
./software/linux-ubuntu20.04-aarch64/gcc-9.4.0/python-3.11.6-gl5cw6uv7gqjwyoifw2qazfove26bovp/lib/libpython3.11.so
./software/linux-ubuntu20.04-aarch64/gcc-9.4.0/python-3.11.6-gl5cw6uv7gqjwyoifw2qazfove26bovp/lib/libpython3.11.so.1.0
./software/linux-ubuntu20.04-aarch64/gcc-9.4.0/python-3.11.6-gl5cw6uv7gqjwyoifw2qazfove26bovp/lib/libpython3.so
lrwxrwxrwx 1 root root 121 Feb  7 08:13 /mnt/flux/view/lib/libpython3.11.so.1.0 -> /opt/software/linux-ubuntu20.04-aarch64/gcc-9.4.0/python-3.11.6-gl5cw6uv7gqjwyoifw2qazfove26bovp/lib/libpython3.11.so.1.0
Hello user root
ðŸŒŸï¸ Curve Certificate
curve.cert
#   ****  Generated on 2023-04-26 22:54:42 by CZMQ  ****
#   ZeroMQ CURVE **Secret** Certificate
#   DO NOT PROVIDE THIS FILE TO OTHER USERS nor change its permissions.
    
metadata
    name = "flux-cert-generator"
    keygen.hostname = "lammps-8-size-2-0"
curve
    public-key = "N-OF$%kG@Epx+k.lXM$=Y1z+#80>lB7^!Z!4dp=a"
    secret-key = ">juJm2%5V1w(f+V!s%T0l-3mCONd/M@?EN2XDqlW"
ðŸ‘‹ Hello, I'm lammps-8-size-2-0
The main host is lammps-8-size-2-0
The working directory is /opt, contents include:
lammps	nvidia	software
ðŸš©ï¸ Flux Option Flags defined
Command provided is: lmp_gpu -v x 2 -v y 2 -v z 2 -in in.reaxc.hns -nocite
Flags for flux are -N 2 -n4  
ðŸŒ€ Submit Mode: flux start -o --config /mnt/flux/view/etc/flux/config -Scron.directory=/etc/flux/system/cron.d   -Stbon.fanout=256   -Srundir=/mnt/flux/view/run/flux    -Sstatedir=/mnt/flux/view/var/lib/flux   -Slocal-uri=local:///mnt/flux/view/run/flux/local -Stbon.connect_timeout=5s    -Slog-stderr-level=6    -Slog-stderr-mode=local  flux submit  -N 2 -n4   --quiet --watch lmp_gpu -v x 2 -v y 2 -v z 2 -in in.reaxc.hns -nocite
Flags for flux are -N 2 -n4  
broker.info[0]: start: none->join 2.45956ms
broker.info[0]: parent-none: join->init 0.02404ms
cron.info[0]: synchronizing cron tasks to event heartbeat.pulse
job-manager.info[0]: restart: 0 jobs
job-manager.info[0]: restart: 0 running jobs
job-manager.info[0]: restart: checkpoint.job-manager not found
broker.info[0]: rc1.0: running /opt/software/linux-ubuntu20.04-aarch64/gcc-9.4.0/flux-core-0.55.0-fdmu6immqfsmp3xe4drmzzj7wfev6uwy/etc/flux/rc1.d/02-cron
broker.info[0]: rc1.0: /opt/software/linux-ubuntu20.04-aarch64/gcc-9.4.0/flux-core-0.55.0-fdmu6immqfsmp3xe4drmzzj7wfev6uwy/etc/flux/rc1 Exited (rc=0) 0.8s
broker.info[0]: rc1-success: init->quorum 0.833243s
broker.info[0]: online: lammps-8-size-2-0 (ranks 0)
broker.info[0]: online: lammps-8-size-2-[0-1] (ranks 0-1)
broker.info[0]: quorum-full: quorum->run 0.304073s
job-manager.err[0]: jobtap: job.new: callback returned error
lmp_gpu: error while loading shared libraries: libcuda.so.1: cannot open shared object file: No such file or directory
lmp_gpu: error while loading shared libraries: libcuda.so.1: cannot open shared object file: No such file or directory
lmp_gpu: error while loading shared libraries: libcuda.so.1: cannot open shared object file: No such file or directory
lmp_gpu: error while loading shared libraries: libcuda.so.1: cannot open shared object file: No such file or directory
job-manager.err[0]: jobtap: job.inactive-add: callback returned error
broker.err[0]: rc2.0: flux submit -N 2 -n4 --quiet --watch lmp_gpu -v x 2 -v y 2 -v z 2 -in in.reaxc.hns -nocite Exited (rc=127) 0.8s
broker.info[0]: rc2-fail: run->cleanup 0.793174s
broker.info[0]: cleanup.0: flux queue stop --quiet --all --nocheckpoint Exited (rc=0) 0.1s
broker.info[0]: cleanup.1: flux cancel --user=all --quiet --states RUN Exited (rc=0) 0.1s
broker.info[0]: cleanup.2: flux queue idle --quiet Exited (rc=0) 0.1s
broker.info[0]: cleanup-success: cleanup->shutdown 0.412508s
broker.info[0]: children-complete: shutdown->finalize 77.2462ms
broker.info[0]: rc3.0: /opt/software/linux-ubuntu20.04-aarch64/gcc-9.4.0/flux-core-0.55.0-fdmu6immqfsmp3xe4drmzzj7wfev6uwy/etc/flux/rc3 Exited (rc=0) 1.3s
broker.info[0]: rc3-success: finalize->goodbye 1.28592s
broker.info[0]: goodbye: goodbye->exit 0.02992ms